  TestScene.cpp
D:\k023g0121\SetUpRepository\ApplicationSetUp\Engine-Develop\project\engine\Scene\BaseScene.h(1,1): warning C4819: ファイルは、現在のコード ページ (932) で表示できない文字を含んでいます。データの損失を防ぐために、ファイルを Unicode 形式で保存してください。
  (ソース ファイル 'TestScene.cpp' をコンパイルしています)
  
D:\k023g0121\SetUpRepository\ApplicationSetUp\Engine-Develop\project\engine\3D\Camera.h(1,1): warning C4819: ファイルは、現在のコード ページ (932) で表示できない文字を含んでいます。データの損失を防ぐために、ファイルを Unicode 形式で保存してください。
  (ソース ファイル 'TestScene.cpp' をコンパイルしています)
  
D:\k023g0121\SetUpRepository\ApplicationSetUp\Engine-Develop\project\Engine\Math\MyMath.h(1,1): warning C4819: ファイルは、現在のコード ページ (932) で表示できない文字を含んでいます。データの損失を防ぐために、ファイルを Unicode 形式で保存してください。
  (ソース ファイル 'TestScene.cpp' をコンパイルしています)
  
D:\k023g0121\SetUpRepository\ApplicationSetUp\Engine-Develop\project\Engine\Math\Float3.h(1,1): warning C4819: ファイルは、現在のコード ページ (932) で表示できない文字を含んでいます。データの損失を防ぐために、ファイルを Unicode 形式で保存してください。
  (ソース ファイル 'TestScene.cpp' をコンパイルしています)
  
D:\k023g0121\SetUpRepository\ApplicationSetUp\Engine-Develop\project\Engine\Math\Matrix.h(1,1): warning C4819: ファイルは、現在のコード ページ (932) で表示できない文字を含んでいます。データの損失を防ぐために、ファイルを Unicode 形式で保存してください。
  (ソース ファイル 'TestScene.cpp' をコンパイルしています)
  
D:\k023g0121\SetUpRepository\ApplicationSetUp\Engine-Develop\project\Engine\Math\Quaternion.h(1,1): warning C4819: ファイルは、現在のコード ページ (932) で表示できない文字を含んでいます。データの損失を防ぐために、ファイルを Unicode 形式で保存してください。
  (ソース ファイル 'TestScene.cpp' をコンパイルしています)
  
D:\k023g0121\SetUpRepository\ApplicationSetUp\Engine-Develop\project\Engine\DirectX\ConstBuffer.h(1,1): warning C4819: ファイルは、現在のコード ページ (932) で表示できない文字を含んでいます。データの損失を防ぐために、ファイルを Unicode 形式で保存してください。
  (ソース ファイル 'TestScene.cpp' をコンパイルしています)
  
D:\k023g0121\SetUpRepository\ApplicationSetUp\Engine-Develop\project\Engine\DirectX\DirectXUtil.h(1,1): warning C4819: ファイルは、現在のコード ページ (932) で表示できない文字を含んでいます。データの損失を防ぐために、ファイルを Unicode 形式で保存してください。
  (ソース ファイル 'TestScene.cpp' をコンパイルしています)
  
D:\k023g0121\SetUpRepository\ApplicationSetUp\Engine-Develop\project\Engine\Debugger\Logger.h(1,1): warning C4819: ファイルは、現在のコード ページ (932) で表示できない文字を含んでいます。データの損失を防ぐために、ファイルを Unicode 形式で保存してください。
  (ソース ファイル 'TestScene.cpp' をコンパイルしています)
  
D:\k023g0121\SetUpRepository\ApplicationSetUp\Engine-Develop\project\Engine\DirectX\DirectXBase.h(1,1): warning C4819: ファイルは、現在のコード ページ (932) で表示できない文字を含んでいます。データの損失を防ぐために、ファイルを Unicode 形式で保存してください。
  (ソース ファイル 'TestScene.cpp' をコンパイルしています)
  
D:\k023g0121\SetUpRepository\ApplicationSetUp\Engine-Develop\project\Engine\Window\MyWindow.h(1,1): warning C4819: ファイルは、現在のコード ページ (932) で表示できない文字を含んでいます。データの損失を防ぐために、ファイルを Unicode 形式で保存してください。
  (ソース ファイル 'TestScene.cpp' をコンパイルしています)
  
D:\k023g0121\SetUpRepository\ApplicationSetUp\Engine-Develop\project\engine\2D\SpriteCommon.h(1,1): warning C4819: ファイルは、現在のコード ページ (932) で表示できない文字を含んでいます。データの損失を防ぐために、ファイルを Unicode 形式で保存してください。
  (ソース ファイル 'TestScene.cpp' をコンパイルしています)
  
D:\k023g0121\SetUpRepository\ApplicationSetUp\Engine-Develop\project\Engine\Texture\TextureManager.h(1,1): warning C4819: ファイルは、現在のコード ページ (932) で表示できない文字を含んでいます。データの損失を防ぐために、ファイルを Unicode 形式で保存してください。
  (ソース ファイル 'TestScene.cpp' をコンパイルしています)
  
D:\k023g0121\SetUpRepository\ApplicationSetUp\Engine-Develop\project\Engine\Texture\SRVManager.h(1,1): warning C4819: ファイルは、現在のコード ページ (932) で表示できない文字を含んでいます。データの損失を防ぐために、ファイルを Unicode 形式で保存してください。
  (ソース ファイル 'TestScene.cpp' をコンパイルしています)
  
D:\k023g0121\SetUpRepository\ApplicationSetUp\Engine-Develop\project\engine\2D\Sprite.h(1,1): warning C4819: ファイルは、現在のコード ページ (932) で表示できない文字を含んでいます。データの損失を防ぐために、ファイルを Unicode 形式で保存してください。
  (ソース ファイル 'TestScene.cpp' をコンパイルしています)
  
D:\k023g0121\SetUpRepository\ApplicationSetUp\Engine-Develop\project\Engine\Model\ModelManager.h(1,1): warning C4819: ファイルは、現在のコード ページ (932) で表示できない文字を含んでいます。データの損失を防ぐために、ファイルを Unicode 形式で保存してください。
  (ソース ファイル 'TestScene.cpp' をコンパイルしています)
  
D:\k023g0121\SetUpRepository\ApplicationSetUp\Engine-Develop\project\engine\3D\Object3D.h(1,1): warning C4819: ファイルは、現在のコード ページ (932) で表示できない文字を含んでいます。データの損失を防ぐために、ファイルを Unicode 形式で保存してください。
  (ソース ファイル 'TestScene.cpp' をコンパイルしています)
  
D:\k023g0121\SetUpRepository\ApplicationSetUp\Engine-Develop\project\Engine\Util\StructuredBuffer.h(1,1): warning C4819: ファイルは、現在のコード ページ (932) で表示できない文字を含んでいます。データの損失を防ぐために、ファイルを Unicode 形式で保存してください。
  (ソース ファイル 'TestScene.cpp' をコンパイルしています)
  
D:\k023g0121\SetUpRepository\ApplicationSetUp\Engine-Develop\project\engine\Sound\SoundManager.h(1,1): warning C4819: ファイルは、現在のコード ページ (932) で表示できない文字を含んでいます。データの損失を防ぐために、ファイルを Unicode 形式で保存してください。
  (ソース ファイル 'TestScene.cpp' をコンパイルしています)
  
D:\k023g0121\SetUpRepository\ApplicationSetUp\Engine-Develop\project\engine\Input\Input.h(1,1): warning C4819: ファイルは、現在のコード ページ (932) で表示できない文字を含んでいます。データの損失を防ぐために、ファイルを Unicode 形式で保存してください。
  (ソース ファイル 'TestScene.cpp' をコンパイルしています)
  
D:\k023g0121\SetUpRepository\ApplicationSetUp\Engine-Develop\project\engine\3D\LightManager.h(1,1): warning C4819: ファイルは、現在のコード ページ (932) で表示できない文字を含んでいます。データの損失を防ぐために、ファイルを Unicode 形式で保存してください。
  (ソース ファイル 'TestScene.cpp' をコンパイルしています)
  
  C:\Program Files (x86)\Windows Kits\10\Include\10.0.22621.0\um\dinput.h: DIRECTINPUT_VERSION undefined. Defaulting to version 0x0800
  Application.vcxproj -> D:\k023g0121\SetUpRepository\ApplicationSetUp\Engine-Develop\project\x64\Debug\Application.lib
